<?xml version="1.0" encoding="UTF-8"?>
<testng-results skipped="0" failed="0" ignored="0" total="2" passed="2">
  <reporter-output>
  </reporter-output>
  <suite name="SampleSuite" duration-ms="19449" started-at="2021-09-17T13:54:26 IST" finished-at="2021-09-17T13:54:45 IST">
    <groups>
    </groups>
    <test name="SampleTest" duration-ms="19449" started-at="2021-09-17T13:54:26 IST" finished-at="2021-09-17T13:54:45 IST">
      <class name="SampleSelinium">
        <test-method status="PASS" signature="setUp()[pri:0, instance:SampleSelinium@776802b0]" name="setUp" is-config="true" duration-ms="418" started-at="2021-09-17T13:54:25 IST" finished-at="2021-09-17T13:54:26 IST">
          <reporter-output>
          </reporter-output>
        </test-method> <!-- setUp -->
        <test-method status="PASS" signature="TestMethod()[pri:0, instance:SampleSelinium@776802b0]" name="TestMethod" duration-ms="10480" started-at="2021-09-17T13:54:26 IST" finished-at="2021-09-17T13:54:36 IST">
          <reporter-output>
          </reporter-output>
        </test-method> <!-- TestMethod -->
        <test-method status="PASS" signature="TestMethod2()[pri:0, instance:SampleSelinium@776802b0]" name="TestMethod2" duration-ms="8912" started-at="2021-09-17T13:54:36 IST" finished-at="2021-09-17T13:54:45 IST">
          <reporter-output>
          </reporter-output>
        </test-method> <!-- TestMethod2 -->
        <test-method status="PASS" signature="tearDown()[pri:0, instance:SampleSelinium@776802b0]" name="tearDown" is-config="true" duration-ms="453" started-at="2021-09-17T13:54:45 IST" finished-at="2021-09-17T13:54:45 IST">
          <reporter-output>
          </reporter-output>
        </test-method> <!-- tearDown -->
      </class> <!-- SampleSelinium -->
    </test> <!-- SampleTest -->
  </suite> <!-- SampleSuite -->
</testng-results>
