<?xml version="1.0" encoding="UTF-8"?>
<testng-results skipped="0" failed="0" ignored="0" total="2" passed="2">
  <reporter-output>
  </reporter-output>
  <suite name="SampleSuite" duration-ms="29383" started-at="2021-09-17T18:29:37 IST" finished-at="2021-09-17T18:30:07 IST">
    <groups>
    </groups>
    <test name="SampleTest" duration-ms="29383" started-at="2021-09-17T18:29:37 IST" finished-at="2021-09-17T18:30:07 IST">
      <class name="SampleSelinium">
        <test-method status="PASS" signature="setUp()[pri:0, instance:SampleSelinium@776802b0]" name="setUp" is-config="true" duration-ms="485" started-at="2021-09-17T18:29:37 IST" finished-at="2021-09-17T18:29:37 IST">
          <reporter-output>
          </reporter-output>
        </test-method> <!-- setUp -->
        <test-method status="PASS" signature="TestMethod()[pri:0, instance:SampleSelinium@776802b0]" name="TestMethod" duration-ms="18301" started-at="2021-09-17T18:29:37 IST" finished-at="2021-09-17T18:29:56 IST">
          <reporter-output>
          </reporter-output>
        </test-method> <!-- TestMethod -->
        <test-method status="PASS" signature="TestMethod2()[pri:0, instance:SampleSelinium@776802b0]" name="TestMethod2" duration-ms="11023" started-at="2021-09-17T18:29:56 IST" finished-at="2021-09-17T18:30:07 IST">
          <reporter-output>
          </reporter-output>
        </test-method> <!-- TestMethod2 -->
        <test-method status="PASS" signature="tearDown()[pri:0, instance:SampleSelinium@776802b0]" name="tearDown" is-config="true" duration-ms="808" started-at="2021-09-17T18:30:07 IST" finished-at="2021-09-17T18:30:08 IST">
          <reporter-output>
          </reporter-output>
        </test-method> <!-- tearDown -->
      </class> <!-- SampleSelinium -->
    </test> <!-- SampleTest -->
  </suite> <!-- SampleSuite -->
</testng-results>
