<?xml version="1.0" encoding="UTF-8"?>
<testng-results skipped="0" failed="0" ignored="0" total="2" passed="2">
  <reporter-output>
  </reporter-output>
  <suite name="SampleSuite" duration-ms="19649" started-at="2021-09-17T13:40:46 IST" finished-at="2021-09-17T13:41:05 IST">
    <groups>
    </groups>
    <test name="SampleTest" duration-ms="19649" started-at="2021-09-17T13:40:46 IST" finished-at="2021-09-17T13:41:05 IST">
      <class name="SampleSelinium">
        <test-method status="PASS" signature="setUp()[pri:0, instance:SampleSelinium@4d3167f4]" name="setUp" is-config="true" duration-ms="313" started-at="2021-09-17T13:40:45 IST" finished-at="2021-09-17T13:40:46 IST">
          <reporter-output>
          </reporter-output>
        </test-method> <!-- setUp -->
        <test-method status="PASS" signature="TestMethod()[pri:0, instance:SampleSelinium@4d3167f4]" name="TestMethod" duration-ms="10444" started-at="2021-09-17T13:40:46 IST" finished-at="2021-09-17T13:40:56 IST">
          <reporter-output>
          </reporter-output>
        </test-method> <!-- TestMethod -->
        <test-method status="PASS" signature="TestMethod2()[pri:0, instance:SampleSelinium@4d3167f4]" name="TestMethod2" duration-ms="9169" started-at="2021-09-17T13:40:56 IST" finished-at="2021-09-17T13:41:05 IST">
          <reporter-output>
          </reporter-output>
        </test-method> <!-- TestMethod2 -->
        <test-method status="PASS" signature="tearDown()[pri:0, instance:SampleSelinium@4d3167f4]" name="tearDown" is-config="true" duration-ms="533" started-at="2021-09-17T13:41:05 IST" finished-at="2021-09-17T13:41:06 IST">
          <reporter-output>
          </reporter-output>
        </test-method> <!-- tearDown -->
      </class> <!-- SampleSelinium -->
    </test> <!-- SampleTest -->
  </suite> <!-- SampleSuite -->
</testng-results>
